<?xml version="1.0" encoding="UTF-8"?>
<!-- Generated by org.testng.reporters.JUnitReportReporter -->
<testsuite hostname="SaiPrakash-PF2EBEMK" failures="0" tests="1" name="org.enmovil.atf.testscripts.LoginPageTestScripts" time="7.408" errors="0" timestamp="2024-06-04T12:08:25 IST" skipped="0">
  <testcase classname="org.enmovil.atf.testscripts.LoginPageTestScripts" name="sideMenuList" time="7.408"/>
  <system-out/>
</testsuite> <!-- org.enmovil.atf.testscripts.LoginPageTestScripts -->
